== application started at May 27 2017 08:41:54
OTClient 0.6.6 rev 0 (devel) built on May 20 2017 for arch x86
Exiting application..
ERROR: Unable to unload module 'mod_topMenu': LUA ERROR:
/mod_topMenu/mod_topMenu.lua:36: attempt to index upvalue 'duelIcon' (a nil value)
stack traceback:
	[C]: ?
	/mod_topMenu/mod_topMenu.lua:36: in function 'terminate'
	/mod_topMenu/mod_topMenu.otmod:13:[@onUnload]:1: in main chunk
ERROR: Unable to unload module 'game_questlog': LUA ERROR:
/gamelib/protocolgame.lua:55: Opcode is not registered.
stack traceback:
	[C]: ?
	[C]: in function 'error'
	/gamelib/protocolgame.lua:55: in function 'unregisterExtendedOpcode'
	/game_questlog/questlog.lua:46: in function 'terminate'
	/game_questlog/questlog.otmod:9:[@onUnload]:1: in main chunk
== application started at May 27 2017 08:45:04
OTClient 0.6.6 rev 0 (devel) built on May 20 2017 for arch x86
Exiting application..
ERROR: Unable to unload module 'mod_topMenu': LUA ERROR:
/mod_topMenu/mod_topMenu.lua:36: attempt to index upvalue 'duelIcon' (a nil value)
stack traceback:
	[C]: ?
	/mod_topMenu/mod_topMenu.lua:36: in function 'terminate'
	/mod_topMenu/mod_topMenu.otmod:13:[@onUnload]:1: in main chunk
ERROR: Unable to unload module 'game_questlog': LUA ERROR:
/gamelib/protocolgame.lua:55: Opcode is not registered.
stack traceback:
	[C]: ?
	[C]: in function 'error'
	/gamelib/protocolgame.lua:55: in function 'unregisterExtendedOpcode'
	/game_questlog/questlog.lua:46: in function 'terminate'
	/game_questlog/questlog.otmod:9:[@onUnload]:1: in main chunk
== application started at May 27 2017 08:45:13
OTClient 0.6.6 rev 0 (devel) built on May 20 2017 for arch x86
Exiting application..
ERROR: Unable to unload module 'mod_topMenu': LUA ERROR:
/mod_topMenu/mod_topMenu.lua:36: attempt to index upvalue 'duelIcon' (a nil value)
stack traceback:
	[C]: ?
	/mod_topMenu/mod_topMenu.lua:36: in function 'terminate'
	/mod_topMenu/mod_topMenu.otmod:13:[@onUnload]:1: in main chunk
ERROR: Unable to unload module 'game_questlog': LUA ERROR:
/gamelib/protocolgame.lua:55: Opcode is not registered.
stack traceback:
	[C]: ?
	[C]: in function 'error'
	/gamelib/protocolgame.lua:55: in function 'unregisterExtendedOpcode'
	/game_questlog/questlog.lua:46: in function 'terminate'
	/game_questlog/questlog.otmod:9:[@onUnload]:1: in main chunk
== application started at May 27 2017 08:46:47
OTClient 0.6.6 rev 0 (devel) built on May 20 2017 for arch x86
Exiting application..
ERROR: Unable to unload module 'mod_topMenu': LUA ERROR:
/mod_topMenu/mod_topMenu.lua:36: attempt to index upvalue 'duelIcon' (a nil value)
stack traceback:
	[C]: ?
	/mod_topMenu/mod_topMenu.lua:36: in function 'terminate'
	/mod_topMenu/mod_topMenu.otmod:13:[@onUnload]:1: in main chunk
ERROR: Unable to unload module 'game_questlog': LUA ERROR:
/gamelib/protocolgame.lua:55: Opcode is not registered.
stack traceback:
	[C]: ?
	[C]: in function 'error'
	/gamelib/protocolgame.lua:55: in function 'unregisterExtendedOpcode'
	/game_questlog/questlog.lua:46: in function 'terminate'
	/game_questlog/questlog.otmod:9:[@onUnload]:1: in main chunk
== application started at May 27 2017 08:46:57
OTClient 0.6.6 rev 0 (devel) built on May 20 2017 for arch x86
ERROR: Unable to load texture '/images/game/pokedex/moves_icon/Raging Blast_on.png': unable to open file '/images/game/pokedex/moves_icon/Raging Blast_on.png': O sistema não pode encontrar o caminho especificado.
ERROR: protected lua call failed: LUA ERROR:
/corelib/string.lua:48: bad argument #1 to 'find' (string expected, got nil)
stack traceback:
	[C]: ?
	[C]: in function 'find'
	/corelib/string.lua:48: in function '(for generator)'
	/corelib/string.lua:48: in function 'explode'
	/game_pokedex/pokedex.lua:414: in function 'doCreatePokedex'
	/game_pokedex/pokedex.lua:68: in function 'callback'
	/gamelib/protocolgame.lua:17: in function </gamelib/protocolgame.lua:14>
ERROR: protected lua call failed: LUA ERROR:
/game_dpanel/dpanel.lua:214: attempt to compare number with nil
stack traceback:
	[C]: ?
	/game_dpanel/dpanel.lua:214: in function 'show'
	/game_dpanel/dpanel.lua:6: in function 'callback'
	/gamelib/protocolgame.lua:17: in function </gamelib/protocolgame.lua:14>
ERROR: protected lua call failed: LUA ERROR:
/game_pokemon/pokemon.lua:160: attempt to index field '?' (a nil value)
stack traceback:
	[C]: ?
	/game_pokemon/pokemon.lua:160: in function 'toggleIcon'
	/game_pokemon/pokemon.lua:273: in function </game_pokemon/pokemon.lua:264>
ERROR: protected lua call failed: LUA ERROR:
/game_pokemon/pokemon.lua:160: attempt to index field '?' (a nil value)
stack traceback:
	[C]: ?
	/game_pokemon/pokemon.lua:160: in function 'toggleIcon'
	/game_pokemon/pokemon.lua:273: in function </game_pokemon/pokemon.lua:264>
Exiting application..
ERROR: Unable to unload module 'mod_topMenu': LUA ERROR:
/mod_topMenu/mod_topMenu.lua:36: attempt to index upvalue 'duelIcon' (a nil value)
stack traceback:
	[C]: ?
	/mod_topMenu/mod_topMenu.lua:36: in function 'terminate'
	/mod_topMenu/mod_topMenu.otmod:13:[@onUnload]:1: in main chunk
ERROR: Unable to unload module 'game_questlog': LUA ERROR:
/gamelib/protocolgame.lua:55: Opcode is not registered.
stack traceback:
	[C]: ?
	[C]: in function 'error'
	/gamelib/protocolgame.lua:55: in function 'unregisterExtendedOpcode'
	/game_questlog/questlog.lua:46: in function 'terminate'
	/game_questlog/questlog.otmod:9:[@onUnload]:1: in main chunk
== application started at May 27 2017 11:33:45
OTClient 0.6.6 rev 0 (devel) built on May 20 2017 for arch x86
Exiting application..
ERROR: Unable to unload module 'mod_topMenu': LUA ERROR:
/mod_topMenu/mod_topMenu.lua:36: attempt to index upvalue 'duelIcon' (a nil value)
stack traceback:
	[C]: ?
	/mod_topMenu/mod_topMenu.lua:36: in function 'terminate'
	/mod_topMenu/mod_topMenu.otmod:13:[@onUnload]:1: in main chunk
ERROR: Unable to unload module 'game_questlog': LUA ERROR:
/gamelib/protocolgame.lua:55: Opcode is not registered.
stack traceback:
	[C]: ?
	[C]: in function 'error'
	/gamelib/protocolgame.lua:55: in function 'unregisterExtendedOpcode'
	/game_questlog/questlog.lua:46: in function 'terminate'
	/game_questlog/questlog.otmod:9:[@onUnload]:1: in main chunk
== application started at May 27 2017 11:33:59
OTClient 0.6.6 rev 0 (devel) built on May 20 2017 for arch x86
Exiting application..
ERROR: Unable to unload module 'mod_topMenu': LUA ERROR:
/mod_topMenu/mod_topMenu.lua:36: attempt to index upvalue 'duelIcon' (a nil value)
stack traceback:
	[C]: ?
	/mod_topMenu/mod_topMenu.lua:36: in function 'terminate'
	/mod_topMenu/mod_topMenu.otmod:13:[@onUnload]:1: in main chunk
ERROR: Unable to unload module 'game_questlog': LUA ERROR:
/gamelib/protocolgame.lua:55: Opcode is not registered.
stack traceback:
	[C]: ?
	[C]: in function 'error'
	/gamelib/protocolgame.lua:55: in function 'unregisterExtendedOpcode'
	/game_questlog/questlog.lua:46: in function 'terminate'
	/game_questlog/questlog.otmod:9:[@onUnload]:1: in main chunk
== application started at May 27 2017 11:34:27
OTClient 0.6.6 rev 0 (devel) built on May 20 2017 for arch x86
Exiting application..
ERROR: Unable to unload module 'mod_topMenu': LUA ERROR:
/mod_topMenu/mod_topMenu.lua:36: attempt to index upvalue 'duelIcon' (a nil value)
stack traceback:
	[C]: ?
	/mod_topMenu/mod_topMenu.lua:36: in function 'terminate'
	/mod_topMenu/mod_topMenu.otmod:13:[@onUnload]:1: in main chunk
ERROR: Unable to unload module 'game_questlog': LUA ERROR:
/gamelib/protocolgame.lua:55: Opcode is not registered.
stack traceback:
	[C]: ?
	[C]: in function 'error'
	/gamelib/protocolgame.lua:55: in function 'unregisterExtendedOpcode'
	/game_questlog/questlog.lua:46: in function 'terminate'
	/game_questlog/questlog.otmod:9:[@onUnload]:1: in main chunk
== application started at May 27 2017 11:35:02
OTClient 0.6.6 rev 0 (devel) built on May 20 2017 for arch x86
ERROR: Unable to load texture '/images/dungeons/infos/03.png': unable to open file '/images/dungeons/infos/03.png': O sistema não pode encontrar o caminho especificado.
ERROR: Unable to load texture '/images/dungeons/infos/06.png': unable to open file '/images/dungeons/infos/06.png': O sistema não pode encontrar o caminho especificado.
ERROR: Unable to load texture '/images/dungeons/invitedgteamwindow': unable to open file '/images/dungeons/invitedgteamwindow.png': O sistema não pode encontrar o caminho especificado.
ERROR: protected lua call failed: LUA ERROR:
/game_dpanel/dpanel.lua:214: attempt to compare number with nil
stack traceback:
	[C]: ?
	/game_dpanel/dpanel.lua:214: in function 'show'
	/game_dpanel/dpanel.lua:6: in function 'callback'
	/gamelib/protocolgame.lua:17: in function </gamelib/protocolgame.lua:14>
Exiting application..
ERROR: Unable to unload module 'mod_topMenu': LUA ERROR:
/mod_topMenu/mod_topMenu.lua:36: attempt to index upvalue 'duelIcon' (a nil value)
stack traceback:
	[C]: ?
	/mod_topMenu/mod_topMenu.lua:36: in function 'terminate'
	/mod_topMenu/mod_topMenu.otmod:13:[@onUnload]:1: in main chunk
ERROR: Unable to unload module 'game_questlog': LUA ERROR:
/gamelib/protocolgame.lua:55: Opcode is not registered.
stack traceback:
	[C]: ?
	[C]: in function 'error'
	/gamelib/protocolgame.lua:55: in function 'unregisterExtendedOpcode'
	/game_questlog/questlog.lua:46: in function 'terminate'
	/game_questlog/questlog.otmod:9:[@onUnload]:1: in main chunk
== application started at May 27 2017 11:39:56
OTClient 0.6.6 rev 0 (devel) built on May 20 2017 for arch x86
ERROR: Unable to load texture '/images/dungeons/infos/03.png': unable to open file '/images/dungeons/infos/03.png': O sistema não pode encontrar o caminho especificado.
ERROR: Unable to load texture '/images/dungeons/infos/06.png': unable to open file '/images/dungeons/infos/06.png': O sistema não pode encontrar o caminho especificado.
== application started at May 27 2017 11:41:10
OTClient 0.6.6 rev 0 (devel) built on May 20 2017 for arch x86
Exiting application..
ERROR: Unable to unload module 'mod_topMenu': LUA ERROR:
/mod_topMenu/mod_topMenu.lua:36: attempt to index upvalue 'duelIcon' (a nil value)
stack traceback:
	[C]: ?
	/mod_topMenu/mod_topMenu.lua:36: in function 'terminate'
	/mod_topMenu/mod_topMenu.otmod:13:[@onUnload]:1: in main chunk
ERROR: Unable to unload module 'game_questlog': LUA ERROR:
/gamelib/protocolgame.lua:55: Opcode is not registered.
stack traceback:
	[C]: ?
	[C]: in function 'error'
	/gamelib/protocolgame.lua:55: in function 'unregisterExtendedOpcode'
	/game_questlog/questlog.lua:46: in function 'terminate'
	/game_questlog/questlog.otmod:9:[@onUnload]:1: in main chunk
ERROR: protected lua call failed: LUA ERROR:
/game_dpanel/dpanel.lua:214: attempt to compare number with nil
stack traceback:
	[C]: ?
	/game_dpanel/dpanel.lua:214: in function 'show'
	/game_dpanel/dpanel.lua:6: in function 'callback'
	/gamelib/protocolgame.lua:17: in function </gamelib/protocolgame.lua:14>
ERROR: protected lua call failed: LUA ERROR:
/game_dpanel/dpanel.lua:214: attempt to compare number with nil
stack traceback:
	[C]: ?
	/game_dpanel/dpanel.lua:214: in function 'show'
	/game_dpanel/dpanel.lua:6: in function 'callback'
	/gamelib/protocolgame.lua:17: in function </gamelib/protocolgame.lua:14>
ERROR: Unable to load texture '/images/game/pokedex/moves_icon/Raging Blast_on.png': unable to open file '/images/game/pokedex/moves_icon/Raging Blast_on.png': O sistema não pode encontrar o caminho especificado.
